------------------------------------------------------------------------------------------------------------------------

[2016-09-05 12:47:47 #1 type] 
Type org.iop.node.monitor.app.database.jpa.entities.ActorCatalog is not enhanced.

[2016-09-05 12:47:47 #2 type] 
Type org.iop.node.monitor.app.database.jpa.entities.NodeCatalog is not enhanced.

[2016-09-05 12:47:47 #3 type] 
Type org.iop.node.monitor.app.database.jpa.entities.GeoLocation is not enhanced.

[2016-09-05 12:47:47 #4 type] 
Type org.iop.node.monitor.app.database.jpa.entities.Client is not enhanced.

[2016-09-05 12:47:47 #5 type.registry] 
New type java.lang.Object[]

------------------------------------------------------------------------------------------------------------------------

[2016-09-05 12:55:02 #1 type] 
Type org.iop.node.monitor.app.database.jpa.entities.ActorCatalog is not enhanced.

[2016-09-05 12:55:02 #2 type] 
Type org.iop.node.monitor.app.database.jpa.entities.NodeCatalog is not enhanced.

[2016-09-05 12:55:02 #3 type] 
Type org.iop.node.monitor.app.database.jpa.entities.GeoLocation is not enhanced.

[2016-09-05 12:55:02 #4 type] 
Type org.iop.node.monitor.app.database.jpa.entities.Client is not enhanced.

------------------------------------------------------------------------------------------------------------------------

[2016-09-05 12:57:49 #1 type] 
Type org.iop.node.monitor.app.database.jpa.entities.ActorCatalog is not enhanced.

[2016-09-05 12:57:49 #2 type] 
Type org.iop.node.monitor.app.database.jpa.entities.NodeCatalog is not enhanced.

[2016-09-05 12:57:49 #3 type] 
Type org.iop.node.monitor.app.database.jpa.entities.GeoLocation is not enhanced.

[2016-09-05 12:57:49 #4 type] 
Type org.iop.node.monitor.app.database.jpa.entities.Client is not enhanced.

------------------------------------------------------------------------------------------------------------------------

[2016-09-05 13:00:50 #1 type] 
Type org.iop.node.monitor.app.database.jpa.entities.ActorCatalog is not enhanced.

[2016-09-05 13:00:50 #2 type] 
Type org.iop.node.monitor.app.database.jpa.entities.NodeCatalog is not enhanced.

[2016-09-05 13:00:50 #3 type] 
Type org.iop.node.monitor.app.database.jpa.entities.GeoLocation is not enhanced.

[2016-09-05 13:00:50 #4 type] 
Type org.iop.node.monitor.app.database.jpa.entities.Client is not enhanced.

------------------------------------------------------------------------------------------------------------------------

[2016-09-05 13:02:37 #1 type] 
Type org.iop.node.monitor.app.database.jpa.entities.ActorCatalog is not enhanced.

[2016-09-05 13:02:37 #2 type] 
Type org.iop.node.monitor.app.database.jpa.entities.NodeCatalog is not enhanced.

[2016-09-05 13:02:37 #3 type] 
Type org.iop.node.monitor.app.database.jpa.entities.GeoLocation is not enhanced.

[2016-09-05 13:02:37 #4 type] 
Type org.iop.node.monitor.app.database.jpa.entities.Client is not enhanced.

------------------------------------------------------------------------------------------------------------------------

[2016-09-05 13:04:41 #1 type] 
Type org.iop.node.monitor.app.database.jpa.entities.ActorCatalog is not enhanced.

[2016-09-05 13:04:41 #2 type] 
Type org.iop.node.monitor.app.database.jpa.entities.NodeCatalog is not enhanced.

[2016-09-05 13:04:41 #3 type] 
Type org.iop.node.monitor.app.database.jpa.entities.GeoLocation is not enhanced.

[2016-09-05 13:04:41 #4 type] 
Type org.iop.node.monitor.app.database.jpa.entities.Client is not enhanced.

------------------------------------------------------------------------------------------------------------------------

[2016-09-05 13:23:37 #1 type] 
Type org.iop.node.monitor.app.database.jpa.entities.ActorCatalog is not enhanced.

[2016-09-05 13:23:37 #2 type] 
Type org.iop.node.monitor.app.database.jpa.entities.NodeCatalog is not enhanced.

[2016-09-05 13:23:37 #3 type] 
Type org.iop.node.monitor.app.database.jpa.entities.GeoLocation is not enhanced.

[2016-09-05 13:23:37 #4 type] 
Type org.iop.node.monitor.app.database.jpa.entities.Client is not enhanced.

------------------------------------------------------------------------------------------------------------------------

[2016-09-05 13:28:42 #1 type] 
Type org.iop.node.monitor.app.database.jpa.entities.ActorCatalog is not enhanced.

[2016-09-05 13:28:42 #2 type] 
Type org.iop.node.monitor.app.database.jpa.entities.NodeCatalog is not enhanced.

[2016-09-05 13:28:42 #3 type] 
Type org.iop.node.monitor.app.database.jpa.entities.GeoLocation is not enhanced.

[2016-09-05 13:28:42 #4 type] 
Type org.iop.node.monitor.app.database.jpa.entities.Client is not enhanced.

------------------------------------------------------------------------------------------------------------------------

[2016-09-05 13:29:24 #1 type] 
Type org.iop.node.monitor.app.database.jpa.entities.ActorCatalog is not enhanced.

[2016-09-05 13:29:24 #2 type] 
Type org.iop.node.monitor.app.database.jpa.entities.NodeCatalog is not enhanced.

[2016-09-05 13:29:24 #3 type] 
Type org.iop.node.monitor.app.database.jpa.entities.GeoLocation is not enhanced.

[2016-09-05 13:29:24 #4 type] 
Type org.iop.node.monitor.app.database.jpa.entities.Client is not enhanced.

------------------------------------------------------------------------------------------------------------------------

[2016-09-05 13:34:56 #1 type] 
Type org.iop.node.monitor.app.database.jpa.entities.ActorCatalog is not enhanced.

[2016-09-05 13:34:56 #2 type] 
Type org.iop.node.monitor.app.database.jpa.entities.NodeCatalog is not enhanced.

[2016-09-05 13:34:56 #3 type] 
Type org.iop.node.monitor.app.database.jpa.entities.GeoLocation is not enhanced.

[2016-09-05 13:34:56 #4 type] 
Type org.iop.node.monitor.app.database.jpa.entities.Client is not enhanced.

------------------------------------------------------------------------------------------------------------------------

[2016-09-05 16:03:32 #1 type] 
Type org.iop.node.monitor.app.database.jpa.entities.ActorCatalog is not enhanced.

[2016-09-05 16:03:32 #2 type] 
Type org.iop.node.monitor.app.database.jpa.entities.NodeCatalog is not enhanced.

[2016-09-05 16:03:32 #3 type] 
Type org.iop.node.monitor.app.database.jpa.entities.GeoLocation is not enhanced.

[2016-09-05 16:03:32 #4 type] 
Type org.iop.node.monitor.app.database.jpa.entities.Client is not enhanced.

------------------------------------------------------------------------------------------------------------------------

[2016-09-05 16:05:04 #1 type] 
Type org.iop.node.monitor.app.database.jpa.entities.ActorCatalog is not enhanced.

[2016-09-05 16:05:04 #2 type] 
Type org.iop.node.monitor.app.database.jpa.entities.NodeCatalog is not enhanced.

[2016-09-05 16:05:04 #3 type] 
Type org.iop.node.monitor.app.database.jpa.entities.GeoLocation is not enhanced.

[2016-09-05 16:05:04 #4 type] 
Type org.iop.node.monitor.app.database.jpa.entities.Client is not enhanced.

------------------------------------------------------------------------------------------------------------------------

[2016-09-05 16:12:42 #1 type] 
Type org.iop.node.monitor.app.database.jpa.entities.ActorCatalog is not enhanced.

[2016-09-05 16:12:42 #2 type] 
Type org.iop.node.monitor.app.database.jpa.entities.NodeCatalog is not enhanced.

[2016-09-05 16:12:42 #3 type] 
Type org.iop.node.monitor.app.database.jpa.entities.GeoLocation is not enhanced.

[2016-09-05 16:12:42 #4 type] 
Type org.iop.node.monitor.app.database.jpa.entities.Client is not enhanced.

------------------------------------------------------------------------------------------------------------------------

[2016-09-05 17:05:54 #1 type] 
Type org.iop.version_1.structure.database.jpa.entities.ActorCatalog is not enhanced.

[2016-09-05 17:05:54 #2 type] 
Type org.iop.version_1.structure.database.jpa.entities.NodeCatalog is not enhanced.

[2016-09-05 17:05:54 #3 type] 
Type org.iop.version_1.structure.database.jpa.entities.GeoLocation is not enhanced.

[2016-09-05 17:05:54 #4 type] 
Type org.iop.version_1.structure.database.jpa.entities.Client is not enhanced.

[2016-09-05 17:05:54 #5 type] 
Type org.iop.version_1.structure.database.jpa.entities.NetworkService is not enhanced.

------------------------------------------------------------------------------------------------------------------------

[2016-09-05 17:20:18 #1 type] 
Type org.iop.version_1.structure.database.jpa.entities.ActorCatalog is not enhanced.

[2016-09-05 17:20:18 #2 type] 
Type org.iop.version_1.structure.database.jpa.entities.NodeCatalog is not enhanced.

[2016-09-05 17:20:18 #3 type] 
Type org.iop.version_1.structure.database.jpa.entities.GeoLocation is not enhanced.

[2016-09-05 17:20:18 #4 type] 
Type org.iop.version_1.structure.database.jpa.entities.Client is not enhanced.

[2016-09-05 17:20:18 #5 type] 
Type org.iop.version_1.structure.database.jpa.entities.NetworkService is not enhanced.

[2016-09-05 17:20:18 #6 type.registry] 
New type java.lang.Object[]

------------------------------------------------------------------------------------------------------------------------

[2016-09-05 17:21:53 #1 type] 
Type org.iop.version_1.structure.database.jpa.entities.ActorCatalog is not enhanced.

[2016-09-05 17:21:53 #2 type] 
Type org.iop.version_1.structure.database.jpa.entities.NodeCatalog is not enhanced.

[2016-09-05 17:21:53 #3 type] 
Type org.iop.version_1.structure.database.jpa.entities.GeoLocation is not enhanced.

[2016-09-05 17:21:53 #4 type] 
Type org.iop.version_1.structure.database.jpa.entities.Client is not enhanced.

[2016-09-05 17:21:53 #5 type] 
Type org.iop.version_1.structure.database.jpa.entities.NetworkService is not enhanced.

------------------------------------------------------------------------------------------------------------------------

[2016-09-05 17:24:35 #1 type] 
Type org.iop.version_1.structure.database.jpa.entities.ActorCatalog is not enhanced.

[2016-09-05 17:24:36 #2 type] 
Type org.iop.version_1.structure.database.jpa.entities.NodeCatalog is not enhanced.

[2016-09-05 17:24:36 #3 type] 
Type org.iop.version_1.structure.database.jpa.entities.GeoLocation is not enhanced.

[2016-09-05 17:24:36 #4 type] 
Type org.iop.version_1.structure.database.jpa.entities.Client is not enhanced.

[2016-09-05 17:24:36 #5 type] 
Type org.iop.version_1.structure.database.jpa.entities.NetworkService is not enhanced.

------------------------------------------------------------------------------------------------------------------------

[2016-09-05 17:25:43 #1 type] 
Type org.iop.version_1.structure.database.jpa.entities.ActorCatalog is not enhanced.

[2016-09-05 17:25:43 #2 type] 
Type org.iop.version_1.structure.database.jpa.entities.NodeCatalog is not enhanced.

[2016-09-05 17:25:43 #3 type] 
Type org.iop.version_1.structure.database.jpa.entities.GeoLocation is not enhanced.

[2016-09-05 17:25:43 #4 type] 
Type org.iop.version_1.structure.database.jpa.entities.Client is not enhanced.

[2016-09-05 17:25:43 #5 type] 
Type org.iop.version_1.structure.database.jpa.entities.NetworkService is not enhanced.

------------------------------------------------------------------------------------------------------------------------

[2016-09-05 17:27:44 #1 type] 
Type org.iop.version_1.structure.database.jpa.entities.ActorCatalog is not enhanced.

[2016-09-05 17:27:44 #2 type] 
Type org.iop.version_1.structure.database.jpa.entities.NodeCatalog is not enhanced.

[2016-09-05 17:27:44 #3 type] 
Type org.iop.version_1.structure.database.jpa.entities.GeoLocation is not enhanced.

[2016-09-05 17:27:44 #4 type] 
Type org.iop.version_1.structure.database.jpa.entities.Client is not enhanced.

[2016-09-05 17:27:44 #5 type] 
Type org.iop.version_1.structure.database.jpa.entities.NetworkService is not enhanced.

------------------------------------------------------------------------------------------------------------------------

[2016-09-05 17:29:00 #1 type] 
Type org.iop.version_1.structure.database.jpa.entities.ActorCatalog is not enhanced.

[2016-09-05 17:29:00 #2 type] 
Type org.iop.version_1.structure.database.jpa.entities.NodeCatalog is not enhanced.

[2016-09-05 17:29:00 #3 type] 
Type org.iop.version_1.structure.database.jpa.entities.GeoLocation is not enhanced.

[2016-09-05 17:29:00 #4 type] 
Type org.iop.version_1.structure.database.jpa.entities.Client is not enhanced.

[2016-09-05 17:29:00 #5 type] 
Type org.iop.version_1.structure.database.jpa.entities.NetworkService is not enhanced.

------------------------------------------------------------------------------------------------------------------------

[2016-09-05 17:34:39 #1 type] 
Type org.iop.version_1.structure.database.jpa.entities.ActorCatalog is not enhanced.

[2016-09-05 17:34:39 #2 type] 
Type org.iop.version_1.structure.database.jpa.entities.NodeCatalog is not enhanced.

[2016-09-05 17:34:39 #3 type] 
Type org.iop.version_1.structure.database.jpa.entities.GeoLocation is not enhanced.

[2016-09-05 17:34:39 #4 type] 
Type org.iop.version_1.structure.database.jpa.entities.Client is not enhanced.

[2016-09-05 17:34:39 #5 type] 
Type org.iop.version_1.structure.database.jpa.entities.NetworkService is not enhanced.

------------------------------------------------------------------------------------------------------------------------

[2016-09-05 17:36:05 #1 type] 
Type org.iop.version_1.structure.database.jpa.entities.ActorCatalog is not enhanced.

[2016-09-05 17:36:05 #2 type] 
Type org.iop.version_1.structure.database.jpa.entities.NodeCatalog is not enhanced.

[2016-09-05 17:36:05 #3 type] 
Type org.iop.version_1.structure.database.jpa.entities.GeoLocation is not enhanced.

[2016-09-05 17:36:05 #4 type] 
Type org.iop.version_1.structure.database.jpa.entities.Client is not enhanced.

[2016-09-05 17:36:05 #5 type] 
Type org.iop.version_1.structure.database.jpa.entities.NetworkService is not enhanced.

------------------------------------------------------------------------------------------------------------------------

[2016-09-05 17:37:16 #1 type] 
Type org.iop.version_1.structure.database.jpa.entities.ActorCatalog is not enhanced.

[2016-09-05 17:37:16 #2 type] 
Type org.iop.version_1.structure.database.jpa.entities.NodeCatalog is not enhanced.

[2016-09-05 17:37:16 #3 type] 
Type org.iop.version_1.structure.database.jpa.entities.GeoLocation is not enhanced.

[2016-09-05 17:37:16 #4 type] 
Type org.iop.version_1.structure.database.jpa.entities.Client is not enhanced.

[2016-09-05 17:37:16 #5 type] 
Type org.iop.version_1.structure.database.jpa.entities.NetworkService is not enhanced.

------------------------------------------------------------------------------------------------------------------------

[2016-09-05 17:43:58 #1 type] 
Type org.iop.version_1.structure.database.jpa.entities.ActorCatalog is not enhanced.

[2016-09-05 17:43:58 #2 type] 
Type org.iop.version_1.structure.database.jpa.entities.NodeCatalog is not enhanced.

[2016-09-05 17:43:58 #3 type] 
Type org.iop.version_1.structure.database.jpa.entities.GeoLocation is not enhanced.

[2016-09-05 17:43:58 #4 type] 
Type org.iop.version_1.structure.database.jpa.entities.Client is not enhanced.

[2016-09-05 17:43:58 #5 type] 
Type org.iop.version_1.structure.database.jpa.entities.NetworkService is not enhanced.

------------------------------------------------------------------------------------------------------------------------

[2016-09-05 17:48:59 #1 type] 
Type org.iop.version_1.structure.database.jpa.entities.ActorCatalog is not enhanced.

[2016-09-05 17:48:59 #2 type] 
Type org.iop.version_1.structure.database.jpa.entities.NodeCatalog is not enhanced.

[2016-09-05 17:48:59 #3 type] 
Type org.iop.version_1.structure.database.jpa.entities.GeoLocation is not enhanced.

[2016-09-05 17:48:59 #4 type] 
Type org.iop.version_1.structure.database.jpa.entities.Client is not enhanced.

[2016-09-05 17:48:59 #5 type] 
Type org.iop.version_1.structure.database.jpa.entities.NetworkService is not enhanced.

------------------------------------------------------------------------------------------------------------------------

[2016-09-05 17:49:36 #1 type] 
Type org.iop.version_1.structure.database.jpa.entities.ActorCatalog is not enhanced.

[2016-09-05 17:49:36 #2 type] 
Type org.iop.version_1.structure.database.jpa.entities.NodeCatalog is not enhanced.

[2016-09-05 17:49:36 #3 type] 
Type org.iop.version_1.structure.database.jpa.entities.GeoLocation is not enhanced.

[2016-09-05 17:49:36 #4 type] 
Type org.iop.version_1.structure.database.jpa.entities.Client is not enhanced.

[2016-09-05 17:49:36 #5 type] 
Type org.iop.version_1.structure.database.jpa.entities.NetworkService is not enhanced.

------------------------------------------------------------------------------------------------------------------------

[2016-09-05 17:54:19 #1 type] 
Type org.iop.version_1.structure.database.jpa.entities.ActorCatalog is not enhanced.

[2016-09-05 17:54:19 #2 type] 
Type org.iop.version_1.structure.database.jpa.entities.NodeCatalog is not enhanced.

[2016-09-05 17:54:19 #3 type] 
Type org.iop.version_1.structure.database.jpa.entities.GeoLocation is not enhanced.

[2016-09-05 17:54:19 #4 type] 
Type org.iop.version_1.structure.database.jpa.entities.Client is not enhanced.

[2016-09-05 17:54:19 #5 type] 
Type org.iop.version_1.structure.database.jpa.entities.NetworkService is not enhanced.

------------------------------------------------------------------------------------------------------------------------

[2016-09-05 17:55:51 #1 type] 
Type org.iop.version_1.structure.database.jpa.entities.ActorCatalog is not enhanced.

[2016-09-05 17:55:51 #2 type] 
Type org.iop.version_1.structure.database.jpa.entities.NodeCatalog is not enhanced.

[2016-09-05 17:55:51 #3 type] 
Type org.iop.version_1.structure.database.jpa.entities.GeoLocation is not enhanced.

[2016-09-05 17:55:51 #4 type] 
Type org.iop.version_1.structure.database.jpa.entities.Client is not enhanced.

[2016-09-05 17:55:51 #5 type] 
Type org.iop.version_1.structure.database.jpa.entities.NetworkService is not enhanced.

------------------------------------------------------------------------------------------------------------------------

[2016-09-05 17:58:01 #1 type] 
Type org.iop.version_1.structure.database.jpa.entities.ActorCatalog is not enhanced.

[2016-09-05 17:58:01 #2 type] 
Type org.iop.version_1.structure.database.jpa.entities.NodeCatalog is not enhanced.

[2016-09-05 17:58:01 #3 type] 
Type org.iop.version_1.structure.database.jpa.entities.GeoLocation is not enhanced.

[2016-09-05 17:58:01 #4 type] 
Type org.iop.version_1.structure.database.jpa.entities.Client is not enhanced.

[2016-09-05 17:58:01 #5 type] 
Type org.iop.version_1.structure.database.jpa.entities.NetworkService is not enhanced.

------------------------------------------------------------------------------------------------------------------------

[2016-09-05 17:59:35 #1 type] 
Type org.iop.version_1.structure.database.jpa.entities.ActorCatalog is not enhanced.

[2016-09-05 17:59:35 #2 type] 
Type org.iop.version_1.structure.database.jpa.entities.NodeCatalog is not enhanced.

[2016-09-05 17:59:35 #3 type] 
Type org.iop.version_1.structure.database.jpa.entities.GeoLocation is not enhanced.

[2016-09-05 17:59:35 #4 type] 
Type org.iop.version_1.structure.database.jpa.entities.Client is not enhanced.

[2016-09-05 17:59:35 #5 type] 
Type org.iop.version_1.structure.database.jpa.entities.NetworkService is not enhanced.

------------------------------------------------------------------------------------------------------------------------

[2016-09-05 18:21:18 #1 type] 
Type org.iop.version_1.structure.database.jpa.entities.ActorCatalog is not enhanced.

[2016-09-05 18:21:18 #2 type] 
Type org.iop.version_1.structure.database.jpa.entities.NodeCatalog is not enhanced.

[2016-09-05 18:21:18 #3 type] 
Type org.iop.version_1.structure.database.jpa.entities.GeoLocation is not enhanced.

[2016-09-05 18:21:18 #4 type] 
Type org.iop.version_1.structure.database.jpa.entities.Client is not enhanced.

[2016-09-05 18:21:18 #5 type] 
Type org.iop.version_1.structure.database.jpa.entities.NetworkService is not enhanced.

------------------------------------------------------------------------------------------------------------------------

[2016-09-05 18:22:07 #1 type] 
Type org.iop.version_1.structure.database.jpa.entities.ActorCatalog is not enhanced.

[2016-09-05 18:22:07 #2 type] 
Type org.iop.version_1.structure.database.jpa.entities.NodeCatalog is not enhanced.

[2016-09-05 18:22:07 #3 type] 
Type org.iop.version_1.structure.database.jpa.entities.GeoLocation is not enhanced.

[2016-09-05 18:22:07 #4 type] 
Type org.iop.version_1.structure.database.jpa.entities.Client is not enhanced.

[2016-09-05 18:22:07 #5 type] 
Type org.iop.version_1.structure.database.jpa.entities.NetworkService is not enhanced.

------------------------------------------------------------------------------------------------------------------------

[2016-09-05 18:25:06 #1 type] 
Type org.iop.version_1.structure.database.jpa.entities.ActorCatalog is not enhanced.

[2016-09-05 18:25:06 #2 type] 
Type org.iop.version_1.structure.database.jpa.entities.NodeCatalog is not enhanced.

[2016-09-05 18:25:06 #3 type] 
Type org.iop.version_1.structure.database.jpa.entities.GeoLocation is not enhanced.

[2016-09-05 18:25:06 #4 type] 
Type org.iop.version_1.structure.database.jpa.entities.Client is not enhanced.

[2016-09-05 18:25:06 #5 type] 
Type org.iop.version_1.structure.database.jpa.entities.NetworkService is not enhanced.

------------------------------------------------------------------------------------------------------------------------

[2016-09-05 18:29:27 #1 type] 
Type org.iop.version_1.structure.database.jpa.entities.ActorCatalog is not enhanced.

[2016-09-05 18:29:27 #2 type] 
Type org.iop.version_1.structure.database.jpa.entities.NodeCatalog is not enhanced.

[2016-09-05 18:29:27 #3 type] 
Type org.iop.version_1.structure.database.jpa.entities.GeoLocation is not enhanced.

[2016-09-05 18:29:27 #4 type] 
Type org.iop.version_1.structure.database.jpa.entities.Client is not enhanced.

[2016-09-05 18:29:27 #5 type] 
Type org.iop.version_1.structure.database.jpa.entities.NetworkService is not enhanced.

------------------------------------------------------------------------------------------------------------------------

[2016-09-05 18:38:17 #1 type] 
Type org.iop.version_1.structure.database.jpa.entities.ActorCatalog is not enhanced.

[2016-09-05 18:38:17 #2 type] 
Type org.iop.version_1.structure.database.jpa.entities.NodeCatalog is not enhanced.

[2016-09-05 18:38:17 #3 type] 
Type org.iop.version_1.structure.database.jpa.entities.GeoLocation is not enhanced.

[2016-09-05 18:38:17 #4 type] 
Type org.iop.version_1.structure.database.jpa.entities.Client is not enhanced.

[2016-09-05 18:38:17 #5 type] 
Type org.iop.version_1.structure.database.jpa.entities.NetworkService is not enhanced.

------------------------------------------------------------------------------------------------------------------------

[2016-09-05 18:40:28 #1 type] 
Type org.iop.version_1.structure.database.jpa.entities.ActorCatalog is not enhanced.

[2016-09-05 18:40:28 #2 type] 
Type org.iop.version_1.structure.database.jpa.entities.NodeCatalog is not enhanced.

[2016-09-05 18:40:28 #3 type] 
Type org.iop.version_1.structure.database.jpa.entities.GeoLocation is not enhanced.

[2016-09-05 18:40:28 #4 type] 
Type org.iop.version_1.structure.database.jpa.entities.Client is not enhanced.

[2016-09-05 18:40:28 #5 type] 
Type org.iop.version_1.structure.database.jpa.entities.NetworkService is not enhanced.

------------------------------------------------------------------------------------------------------------------------

[2016-09-05 18:43:35 #1 type] 
Type org.iop.version_1.structure.database.jpa.entities.ActorCatalog is not enhanced.

[2016-09-05 18:43:35 #2 type] 
Type org.iop.version_1.structure.database.jpa.entities.NodeCatalog is not enhanced.

[2016-09-05 18:43:35 #3 type] 
Type org.iop.version_1.structure.database.jpa.entities.GeoLocation is not enhanced.

[2016-09-05 18:43:35 #4 type] 
Type org.iop.version_1.structure.database.jpa.entities.Client is not enhanced.

[2016-09-05 18:43:35 #5 type] 
Type org.iop.version_1.structure.database.jpa.entities.NetworkService is not enhanced.

